<?xml version="1.0" encoding="UTF-8"?>
<testsuite xmlns:xsi="http://www.w3.org/2001/XMLSchema-instance" xsi:noNamespaceSchemaLocation="https://maven.apache.org/surefire/maven-surefire-plugin/xsd/surefire-test-report-3.0.xsd" version="3.0" name="GameTurnTest" time="0.102" tests="1" errors="0" skipped="0" failures="0">
  <properties>
    <property name="java.specification.version" value="17"/>
    <property name="sun.jnu.encoding" value="UTF-8"/>
    <property name="java.class.path" value="/Users/CharlesDylan/Desktop/309/mk1_8/Backend/gameFile/target/test-classes:/Users/CharlesDylan/Desktop/309/mk1_8/Backend/gameFile/target/classes:/Users/CharlesDylan/.m2/repository/org/springframework/boot/spring-boot-starter-websocket/3.1.4/spring-boot-starter-websocket-3.1.4.jar:/Users/CharlesDylan/.m2/repository/org/springframework/spring-messaging/6.0.12/spring-messaging-6.0.12.jar:/Users/CharlesDylan/.m2/repository/org/springframework/spring-beans/6.0.12/spring-beans-6.0.12.jar:/Users/CharlesDylan/.m2/repository/org/springframework/spring-websocket/6.0.12/spring-websocket-6.0.12.jar:/Users/CharlesDylan/.m2/repository/org/springframework/spring-context/6.0.12/spring-context-6.0.12.jar:/Users/CharlesDylan/.m2/repository/org/springframework/boot/spring-boot-starter-test/3.1.4/spring-boot-starter-test-3.1.4.jar:/Users/CharlesDylan/.m2/repository/org/springframework/boot/spring-boot-starter/3.1.4/spring-boot-starter-3.1.4.jar:/Users/CharlesDylan/.m2/repository/org/springframework/boot/spring-boot-autoconfigure/3.1.4/spring-boot-autoconfigure-3.1.4.jar:/Users/CharlesDylan/.m2/repository/org/springframework/boot/spring-boot-starter-logging/3.1.4/spring-boot-starter-logging-3.1.4.jar:/Users/CharlesDylan/.m2/repository/ch/qos/logback/logback-classic/1.4.11/logback-classic-1.4.11.jar:/Users/CharlesDylan/.m2/repository/ch/qos/logback/logback-core/1.4.11/logback-core-1.4.11.jar:/Users/CharlesDylan/.m2/repository/org/apache/logging/log4j/log4j-to-slf4j/2.20.0/log4j-to-slf4j-2.20.0.jar:/Users/CharlesDylan/.m2/repository/org/apache/logging/log4j/log4j-api/2.20.0/log4j-api-2.20.0.jar:/Users/CharlesDylan/.m2/repository/org/slf4j/jul-to-slf4j/2.0.9/jul-to-slf4j-2.0.9.jar:/Users/CharlesDylan/.m2/repository/jakarta/annotation/jakarta.annotation-api/2.1.1/jakarta.annotation-api-2.1.1.jar:/Users/CharlesDylan/.m2/repository/org/yaml/snakeyaml/1.33/snakeyaml-1.33.jar:/Users/CharlesDylan/.m2/repository/org/springframework/boot/spring-boot-test-autoconfigure/3.1.4/spring-boot-test-autoconfigure-3.1.4.jar:/Users/CharlesDylan/.m2/repository/com/jayway/jsonpath/json-path/2.8.0/json-path-2.8.0.jar:/Users/CharlesDylan/.m2/repository/org/slf4j/slf4j-api/2.0.9/slf4j-api-2.0.9.jar:/Users/CharlesDylan/.m2/repository/jakarta/xml/bind/jakarta.xml.bind-api/4.0.1/jakarta.xml.bind-api-4.0.1.jar:/Users/CharlesDylan/.m2/repository/jakarta/activation/jakarta.activation-api/2.1.2/jakarta.activation-api-2.1.2.jar:/Users/CharlesDylan/.m2/repository/net/minidev/json-smart/2.4.11/json-smart-2.4.11.jar:/Users/CharlesDylan/.m2/repository/net/minidev/accessors-smart/2.4.11/accessors-smart-2.4.11.jar:/Users/CharlesDylan/.m2/repository/org/ow2/asm/asm/9.3/asm-9.3.jar:/Users/CharlesDylan/.m2/repository/org/assertj/assertj-core/3.24.2/assertj-core-3.24.2.jar:/Users/CharlesDylan/.m2/repository/net/bytebuddy/byte-buddy/1.14.8/byte-buddy-1.14.8.jar:/Users/CharlesDylan/.m2/repository/org/hamcrest/hamcrest/2.2/hamcrest-2.2.jar:/Users/CharlesDylan/.m2/repository/org/mockito/mockito-core/5.3.1/mockito-core-5.3.1.jar:/Users/CharlesDylan/.m2/repository/net/bytebuddy/byte-buddy-agent/1.14.8/byte-buddy-agent-1.14.8.jar:/Users/CharlesDylan/.m2/repository/org/objenesis/objenesis/3.3/objenesis-3.3.jar:/Users/CharlesDylan/.m2/repository/org/mockito/mockito-junit-jupiter/5.3.1/mockito-junit-jupiter-5.3.1.jar:/Users/CharlesDylan/.m2/repository/org/skyscreamer/jsonassert/1.5.1/jsonassert-1.5.1.jar:/Users/CharlesDylan/.m2/repository/org/springframework/spring-core/6.0.12/spring-core-6.0.12.jar:/Users/CharlesDylan/.m2/repository/org/springframework/spring-jcl/6.0.12/spring-jcl-6.0.12.jar:/Users/CharlesDylan/.m2/repository/org/springframework/spring-test/6.0.12/spring-test-6.0.12.jar:/Users/CharlesDylan/.m2/repository/org/xmlunit/xmlunit-core/2.9.1/xmlunit-core-2.9.1.jar:/Users/CharlesDylan/.m2/repository/org/json/json/20210307/json-20210307.jar:/Users/CharlesDylan/.m2/repository/com/googlecode/json-simple/json-simple/1.1.1/json-simple-1.1.1.jar:/Users/CharlesDylan/.m2/repository/junit/junit/4.13.2/junit-4.13.2.jar:/Users/CharlesDylan/.m2/repository/org/hamcrest/hamcrest-core/2.2/hamcrest-core-2.2.jar:/Users/CharlesDylan/.m2/repository/org/projectlombok/lombok/1.18.30/lombok-1.18.30.jar:/Users/CharlesDylan/.m2/repository/org/springframework/boot/spring-boot-starter-web/3.1.4/spring-boot-starter-web-3.1.4.jar:/Users/CharlesDylan/.m2/repository/org/springframework/boot/spring-boot-starter-json/3.1.4/spring-boot-starter-json-3.1.4.jar:/Users/CharlesDylan/.m2/repository/com/fasterxml/jackson/datatype/jackson-datatype-jdk8/2.15.2/jackson-datatype-jdk8-2.15.2.jar:/Users/CharlesDylan/.m2/repository/com/fasterxml/jackson/datatype/jackson-datatype-jsr310/2.15.2/jackson-datatype-jsr310-2.15.2.jar:/Users/CharlesDylan/.m2/repository/com/fasterxml/jackson/module/jackson-module-parameter-names/2.15.2/jackson-module-parameter-names-2.15.2.jar:/Users/CharlesDylan/.m2/repository/org/springframework/boot/spring-boot-starter-tomcat/3.1.4/spring-boot-starter-tomcat-3.1.4.jar:/Users/CharlesDylan/.m2/repository/org/apache/tomcat/embed/tomcat-embed-core/10.1.13/tomcat-embed-core-10.1.13.jar:/Users/CharlesDylan/.m2/repository/org/apache/tomcat/embed/tomcat-embed-el/10.1.13/tomcat-embed-el-10.1.13.jar:/Users/CharlesDylan/.m2/repository/org/apache/tomcat/embed/tomcat-embed-websocket/10.1.13/tomcat-embed-websocket-10.1.13.jar:/Users/CharlesDylan/.m2/repository/org/springframework/spring-web/6.0.12/spring-web-6.0.12.jar:/Users/CharlesDylan/.m2/repository/io/micrometer/micrometer-observation/1.11.4/micrometer-observation-1.11.4.jar:/Users/CharlesDylan/.m2/repository/io/micrometer/micrometer-commons/1.11.4/micrometer-commons-1.11.4.jar:/Users/CharlesDylan/.m2/repository/org/springframework/spring-webmvc/6.0.12/spring-webmvc-6.0.12.jar:/Users/CharlesDylan/.m2/repository/org/springframework/spring-aop/6.0.12/spring-aop-6.0.12.jar:/Users/CharlesDylan/.m2/repository/org/springframework/spring-expression/6.0.12/spring-expression-6.0.12.jar:/Users/CharlesDylan/.m2/repository/com/fasterxml/jackson/core/jackson-databind/2.13.0/jackson-databind-2.13.0.jar:/Users/CharlesDylan/.m2/repository/com/fasterxml/jackson/core/jackson-annotations/2.15.2/jackson-annotations-2.15.2.jar:/Users/CharlesDylan/.m2/repository/com/fasterxml/jackson/core/jackson-core/2.15.2/jackson-core-2.15.2.jar:/Users/CharlesDylan/.m2/repository/com/mysql/mysql-connector-j/8.0.33/mysql-connector-j-8.0.33.jar:/Users/CharlesDylan/.m2/repository/org/springdoc/springdoc-openapi-starter-webmvc-ui/2.2.0/springdoc-openapi-starter-webmvc-ui-2.2.0.jar:/Users/CharlesDylan/.m2/repository/org/springdoc/springdoc-openapi-starter-webmvc-api/2.2.0/springdoc-openapi-starter-webmvc-api-2.2.0.jar:/Users/CharlesDylan/.m2/repository/org/springdoc/springdoc-openapi-starter-common/2.2.0/springdoc-openapi-starter-common-2.2.0.jar:/Users/CharlesDylan/.m2/repository/io/swagger/core/v3/swagger-core-jakarta/2.2.15/swagger-core-jakarta-2.2.15.jar:/Users/CharlesDylan/.m2/repository/org/apache/commons/commons-lang3/3.12.0/commons-lang3-3.12.0.jar:/Users/CharlesDylan/.m2/repository/io/swagger/core/v3/swagger-annotations-jakarta/2.2.15/swagger-annotations-jakarta-2.2.15.jar:/Users/CharlesDylan/.m2/repository/io/swagger/core/v3/swagger-models-jakarta/2.2.15/swagger-models-jakarta-2.2.15.jar:/Users/CharlesDylan/.m2/repository/jakarta/validation/jakarta.validation-api/3.0.2/jakarta.validation-api-3.0.2.jar:/Users/CharlesDylan/.m2/repository/com/fasterxml/jackson/dataformat/jackson-dataformat-yaml/2.15.2/jackson-dataformat-yaml-2.15.2.jar:/Users/CharlesDylan/.m2/repository/org/webjars/swagger-ui/5.2.0/swagger-ui-5.2.0.jar:/Users/CharlesDylan/.m2/repository/org/springframework/boot/spring-boot-starter-data-jpa/3.1.4/spring-boot-starter-data-jpa-3.1.4.jar:/Users/CharlesDylan/.m2/repository/org/springframework/boot/spring-boot-starter-aop/3.1.4/spring-boot-starter-aop-3.1.4.jar:/Users/CharlesDylan/.m2/repository/org/aspectj/aspectjweaver/1.9.20/aspectjweaver-1.9.20.jar:/Users/CharlesDylan/.m2/repository/org/springframework/boot/spring-boot-starter-jdbc/3.1.4/spring-boot-starter-jdbc-3.1.4.jar:/Users/CharlesDylan/.m2/repository/com/zaxxer/HikariCP/5.0.1/HikariCP-5.0.1.jar:/Users/CharlesDylan/.m2/repository/org/springframework/spring-jdbc/6.0.12/spring-jdbc-6.0.12.jar:/Users/CharlesDylan/.m2/repository/org/hibernate/orm/hibernate-core/6.2.9.Final/hibernate-core-6.2.9.Final.jar:/Users/CharlesDylan/.m2/repository/jakarta/persistence/jakarta.persistence-api/3.1.0/jakarta.persistence-api-3.1.0.jar:/Users/CharlesDylan/.m2/repository/jakarta/transaction/jakarta.transaction-api/2.0.1/jakarta.transaction-api-2.0.1.jar:/Users/CharlesDylan/.m2/repository/org/jboss/logging/jboss-logging/3.5.3.Final/jboss-logging-3.5.3.Final.jar:/Users/CharlesDylan/.m2/repository/org/hibernate/common/hibernate-commons-annotations/6.0.6.Final/hibernate-commons-annotations-6.0.6.Final.jar:/Users/CharlesDylan/.m2/repository/io/smallrye/jandex/3.0.5/jandex-3.0.5.jar:/Users/CharlesDylan/.m2/repository/com/fasterxml/classmate/1.5.1/classmate-1.5.1.jar:/Users/CharlesDylan/.m2/repository/org/glassfish/jaxb/jaxb-runtime/4.0.3/jaxb-runtime-4.0.3.jar:/Users/CharlesDylan/.m2/repository/org/glassfish/jaxb/jaxb-core/4.0.3/jaxb-core-4.0.3.jar:/Users/CharlesDylan/.m2/repository/org/eclipse/angus/angus-activation/2.0.1/angus-activation-2.0.1.jar:/Users/CharlesDylan/.m2/repository/org/glassfish/jaxb/txw2/4.0.3/txw2-4.0.3.jar:/Users/CharlesDylan/.m2/repository/com/sun/istack/istack-commons-runtime/4.1.2/istack-commons-runtime-4.1.2.jar:/Users/CharlesDylan/.m2/repository/jakarta/inject/jakarta.inject-api/2.0.1/jakarta.inject-api-2.0.1.jar:/Users/CharlesDylan/.m2/repository/org/antlr/antlr4-runtime/4.10.1/antlr4-runtime-4.10.1.jar:/Users/CharlesDylan/.m2/repository/org/springframework/data/spring-data-jpa/3.1.4/spring-data-jpa-3.1.4.jar:/Users/CharlesDylan/.m2/repository/org/springframework/data/spring-data-commons/3.1.4/spring-data-commons-3.1.4.jar:/Users/CharlesDylan/.m2/repository/org/springframework/spring-orm/6.0.12/spring-orm-6.0.12.jar:/Users/CharlesDylan/.m2/repository/org/springframework/spring-tx/6.0.12/spring-tx-6.0.12.jar:/Users/CharlesDylan/.m2/repository/org/springframework/spring-aspects/6.0.12/spring-aspects-6.0.12.jar:/Users/CharlesDylan/.m2/repository/org/junit/jupiter/junit-jupiter/5.9.3/junit-jupiter-5.9.3.jar:/Users/CharlesDylan/.m2/repository/org/junit/jupiter/junit-jupiter-api/5.9.3/junit-jupiter-api-5.9.3.jar:/Users/CharlesDylan/.m2/repository/org/opentest4j/opentest4j/1.2.0/opentest4j-1.2.0.jar:/Users/CharlesDylan/.m2/repository/org/junit/platform/junit-platform-commons/1.9.3/junit-platform-commons-1.9.3.jar:/Users/CharlesDylan/.m2/repository/org/apiguardian/apiguardian-api/1.1.2/apiguardian-api-1.1.2.jar:/Users/CharlesDylan/.m2/repository/org/junit/jupiter/junit-jupiter-params/5.9.3/junit-jupiter-params-5.9.3.jar:/Users/CharlesDylan/.m2/repository/org/junit/jupiter/junit-jupiter-engine/5.9.3/junit-jupiter-engine-5.9.3.jar:/Users/CharlesDylan/.m2/repository/org/junit/platform/junit-platform-engine/1.9.3/junit-platform-engine-1.9.3.jar:/Users/CharlesDylan/.m2/repository/org/springframework/boot/spring-boot-test/3.1.4/spring-boot-test-3.1.4.jar:/Users/CharlesDylan/.m2/repository/org/springframework/boot/spring-boot/3.1.4/spring-boot-3.1.4.jar:/Users/CharlesDylan/.m2/repository/com/vaadin/external/google/android-json/0.0.20131108.vaadin1/android-json-0.0.20131108.vaadin1.jar:"/>
    <property name="java.vm.vendor" value="Oracle Corporation"/>
    <property name="sun.arch.data.model" value="64"/>
    <property name="java.vendor.url" value="https://java.oracle.com/"/>
    <property name="os.name" value="Mac OS X"/>
    <property name="java.vm.specification.version" value="17"/>
    <property name="sun.java.launcher" value="SUN_STANDARD"/>
    <property name="user.country" value="US"/>
    <property name="sun.boot.library.path" value="/Library/Java/JavaVirtualMachines/jdk-17.0.5.jdk/Contents/Home/lib"/>
    <property name="sun.java.command" value="/Users/CharlesDylan/Desktop/309/mk1_8/Backend/gameFile/target/surefire/surefirebooter-20240402184846739_3.jar /Users/CharlesDylan/Desktop/309/mk1_8/Backend/gameFile/target/surefire 2024-04-02T18-48-46_621-jvmRun1 surefire-20240402184846739_1tmp surefire_0-20240402184846739_2tmp"/>
    <property name="http.nonProxyHosts" value="local|*.local|169.254/16|*.169.254/16"/>
    <property name="jdk.debug" value="release"/>
    <property name="surefire.test.class.path" value="/Users/CharlesDylan/Desktop/309/mk1_8/Backend/gameFile/target/test-classes:/Users/CharlesDylan/Desktop/309/mk1_8/Backend/gameFile/target/classes:/Users/CharlesDylan/.m2/repository/org/springframework/boot/spring-boot-starter-websocket/3.1.4/spring-boot-starter-websocket-3.1.4.jar:/Users/CharlesDylan/.m2/repository/org/springframework/spring-messaging/6.0.12/spring-messaging-6.0.12.jar:/Users/CharlesDylan/.m2/repository/org/springframework/spring-beans/6.0.12/spring-beans-6.0.12.jar:/Users/CharlesDylan/.m2/repository/org/springframework/spring-websocket/6.0.12/spring-websocket-6.0.12.jar:/Users/CharlesDylan/.m2/repository/org/springframework/spring-context/6.0.12/spring-context-6.0.12.jar:/Users/CharlesDylan/.m2/repository/org/springframework/boot/spring-boot-starter-test/3.1.4/spring-boot-starter-test-3.1.4.jar:/Users/CharlesDylan/.m2/repository/org/springframework/boot/spring-boot-starter/3.1.4/spring-boot-starter-3.1.4.jar:/Users/CharlesDylan/.m2/repository/org/springframework/boot/spring-boot-autoconfigure/3.1.4/spring-boot-autoconfigure-3.1.4.jar:/Users/CharlesDylan/.m2/repository/org/springframework/boot/spring-boot-starter-logging/3.1.4/spring-boot-starter-logging-3.1.4.jar:/Users/CharlesDylan/.m2/repository/ch/qos/logback/logback-classic/1.4.11/logback-classic-1.4.11.jar:/Users/CharlesDylan/.m2/repository/ch/qos/logback/logback-core/1.4.11/logback-core-1.4.11.jar:/Users/CharlesDylan/.m2/repository/org/apache/logging/log4j/log4j-to-slf4j/2.20.0/log4j-to-slf4j-2.20.0.jar:/Users/CharlesDylan/.m2/repository/org/apache/logging/log4j/log4j-api/2.20.0/log4j-api-2.20.0.jar:/Users/CharlesDylan/.m2/repository/org/slf4j/jul-to-slf4j/2.0.9/jul-to-slf4j-2.0.9.jar:/Users/CharlesDylan/.m2/repository/jakarta/annotation/jakarta.annotation-api/2.1.1/jakarta.annotation-api-2.1.1.jar:/Users/CharlesDylan/.m2/repository/org/yaml/snakeyaml/1.33/snakeyaml-1.33.jar:/Users/CharlesDylan/.m2/repository/org/springframework/boot/spring-boot-test-autoconfigure/3.1.4/spring-boot-test-autoconfigure-3.1.4.jar:/Users/CharlesDylan/.m2/repository/com/jayway/jsonpath/json-path/2.8.0/json-path-2.8.0.jar:/Users/CharlesDylan/.m2/repository/org/slf4j/slf4j-api/2.0.9/slf4j-api-2.0.9.jar:/Users/CharlesDylan/.m2/repository/jakarta/xml/bind/jakarta.xml.bind-api/4.0.1/jakarta.xml.bind-api-4.0.1.jar:/Users/CharlesDylan/.m2/repository/jakarta/activation/jakarta.activation-api/2.1.2/jakarta.activation-api-2.1.2.jar:/Users/CharlesDylan/.m2/repository/net/minidev/json-smart/2.4.11/json-smart-2.4.11.jar:/Users/CharlesDylan/.m2/repository/net/minidev/accessors-smart/2.4.11/accessors-smart-2.4.11.jar:/Users/CharlesDylan/.m2/repository/org/ow2/asm/asm/9.3/asm-9.3.jar:/Users/CharlesDylan/.m2/repository/org/assertj/assertj-core/3.24.2/assertj-core-3.24.2.jar:/Users/CharlesDylan/.m2/repository/net/bytebuddy/byte-buddy/1.14.8/byte-buddy-1.14.8.jar:/Users/CharlesDylan/.m2/repository/org/hamcrest/hamcrest/2.2/hamcrest-2.2.jar:/Users/CharlesDylan/.m2/repository/org/mockito/mockito-core/5.3.1/mockito-core-5.3.1.jar:/Users/CharlesDylan/.m2/repository/net/bytebuddy/byte-buddy-agent/1.14.8/byte-buddy-agent-1.14.8.jar:/Users/CharlesDylan/.m2/repository/org/objenesis/objenesis/3.3/objenesis-3.3.jar:/Users/CharlesDylan/.m2/repository/org/mockito/mockito-junit-jupiter/5.3.1/mockito-junit-jupiter-5.3.1.jar:/Users/CharlesDylan/.m2/repository/org/skyscreamer/jsonassert/1.5.1/jsonassert-1.5.1.jar:/Users/CharlesDylan/.m2/repository/org/springframework/spring-core/6.0.12/spring-core-6.0.12.jar:/Users/CharlesDylan/.m2/repository/org/springframework/spring-jcl/6.0.12/spring-jcl-6.0.12.jar:/Users/CharlesDylan/.m2/repository/org/springframework/spring-test/6.0.12/spring-test-6.0.12.jar:/Users/CharlesDylan/.m2/repository/org/xmlunit/xmlunit-core/2.9.1/xmlunit-core-2.9.1.jar:/Users/CharlesDylan/.m2/repository/org/json/json/20210307/json-20210307.jar:/Users/CharlesDylan/.m2/repository/com/googlecode/json-simple/json-simple/1.1.1/json-simple-1.1.1.jar:/Users/CharlesDylan/.m2/repository/junit/junit/4.13.2/junit-4.13.2.jar:/Users/CharlesDylan/.m2/repository/org/hamcrest/hamcrest-core/2.2/hamcrest-core-2.2.jar:/Users/CharlesDylan/.m2/repository/org/projectlombok/lombok/1.18.30/lombok-1.18.30.jar:/Users/CharlesDylan/.m2/repository/org/springframework/boot/spring-boot-starter-web/3.1.4/spring-boot-starter-web-3.1.4.jar:/Users/CharlesDylan/.m2/repository/org/springframework/boot/spring-boot-starter-json/3.1.4/spring-boot-starter-json-3.1.4.jar:/Users/CharlesDylan/.m2/repository/com/fasterxml/jackson/datatype/jackson-datatype-jdk8/2.15.2/jackson-datatype-jdk8-2.15.2.jar:/Users/CharlesDylan/.m2/repository/com/fasterxml/jackson/datatype/jackson-datatype-jsr310/2.15.2/jackson-datatype-jsr310-2.15.2.jar:/Users/CharlesDylan/.m2/repository/com/fasterxml/jackson/module/jackson-module-parameter-names/2.15.2/jackson-module-parameter-names-2.15.2.jar:/Users/CharlesDylan/.m2/repository/org/springframework/boot/spring-boot-starter-tomcat/3.1.4/spring-boot-starter-tomcat-3.1.4.jar:/Users/CharlesDylan/.m2/repository/org/apache/tomcat/embed/tomcat-embed-core/10.1.13/tomcat-embed-core-10.1.13.jar:/Users/CharlesDylan/.m2/repository/org/apache/tomcat/embed/tomcat-embed-el/10.1.13/tomcat-embed-el-10.1.13.jar:/Users/CharlesDylan/.m2/repository/org/apache/tomcat/embed/tomcat-embed-websocket/10.1.13/tomcat-embed-websocket-10.1.13.jar:/Users/CharlesDylan/.m2/repository/org/springframework/spring-web/6.0.12/spring-web-6.0.12.jar:/Users/CharlesDylan/.m2/repository/io/micrometer/micrometer-observation/1.11.4/micrometer-observation-1.11.4.jar:/Users/CharlesDylan/.m2/repository/io/micrometer/micrometer-commons/1.11.4/micrometer-commons-1.11.4.jar:/Users/CharlesDylan/.m2/repository/org/springframework/spring-webmvc/6.0.12/spring-webmvc-6.0.12.jar:/Users/CharlesDylan/.m2/repository/org/springframework/spring-aop/6.0.12/spring-aop-6.0.12.jar:/Users/CharlesDylan/.m2/repository/org/springframework/spring-expression/6.0.12/spring-expression-6.0.12.jar:/Users/CharlesDylan/.m2/repository/com/fasterxml/jackson/core/jackson-databind/2.13.0/jackson-databind-2.13.0.jar:/Users/CharlesDylan/.m2/repository/com/fasterxml/jackson/core/jackson-annotations/2.15.2/jackson-annotations-2.15.2.jar:/Users/CharlesDylan/.m2/repository/com/fasterxml/jackson/core/jackson-core/2.15.2/jackson-core-2.15.2.jar:/Users/CharlesDylan/.m2/repository/com/mysql/mysql-connector-j/8.0.33/mysql-connector-j-8.0.33.jar:/Users/CharlesDylan/.m2/repository/org/springdoc/springdoc-openapi-starter-webmvc-ui/2.2.0/springdoc-openapi-starter-webmvc-ui-2.2.0.jar:/Users/CharlesDylan/.m2/repository/org/springdoc/springdoc-openapi-starter-webmvc-api/2.2.0/springdoc-openapi-starter-webmvc-api-2.2.0.jar:/Users/CharlesDylan/.m2/repository/org/springdoc/springdoc-openapi-starter-common/2.2.0/springdoc-openapi-starter-common-2.2.0.jar:/Users/CharlesDylan/.m2/repository/io/swagger/core/v3/swagger-core-jakarta/2.2.15/swagger-core-jakarta-2.2.15.jar:/Users/CharlesDylan/.m2/repository/org/apache/commons/commons-lang3/3.12.0/commons-lang3-3.12.0.jar:/Users/CharlesDylan/.m2/repository/io/swagger/core/v3/swagger-annotations-jakarta/2.2.15/swagger-annotations-jakarta-2.2.15.jar:/Users/CharlesDylan/.m2/repository/io/swagger/core/v3/swagger-models-jakarta/2.2.15/swagger-models-jakarta-2.2.15.jar:/Users/CharlesDylan/.m2/repository/jakarta/validation/jakarta.validation-api/3.0.2/jakarta.validation-api-3.0.2.jar:/Users/CharlesDylan/.m2/repository/com/fasterxml/jackson/dataformat/jackson-dataformat-yaml/2.15.2/jackson-dataformat-yaml-2.15.2.jar:/Users/CharlesDylan/.m2/repository/org/webjars/swagger-ui/5.2.0/swagger-ui-5.2.0.jar:/Users/CharlesDylan/.m2/repository/org/springframework/boot/spring-boot-starter-data-jpa/3.1.4/spring-boot-starter-data-jpa-3.1.4.jar:/Users/CharlesDylan/.m2/repository/org/springframework/boot/spring-boot-starter-aop/3.1.4/spring-boot-starter-aop-3.1.4.jar:/Users/CharlesDylan/.m2/repository/org/aspectj/aspectjweaver/1.9.20/aspectjweaver-1.9.20.jar:/Users/CharlesDylan/.m2/repository/org/springframework/boot/spring-boot-starter-jdbc/3.1.4/spring-boot-starter-jdbc-3.1.4.jar:/Users/CharlesDylan/.m2/repository/com/zaxxer/HikariCP/5.0.1/HikariCP-5.0.1.jar:/Users/CharlesDylan/.m2/repository/org/springframework/spring-jdbc/6.0.12/spring-jdbc-6.0.12.jar:/Users/CharlesDylan/.m2/repository/org/hibernate/orm/hibernate-core/6.2.9.Final/hibernate-core-6.2.9.Final.jar:/Users/CharlesDylan/.m2/repository/jakarta/persistence/jakarta.persistence-api/3.1.0/jakarta.persistence-api-3.1.0.jar:/Users/CharlesDylan/.m2/repository/jakarta/transaction/jakarta.transaction-api/2.0.1/jakarta.transaction-api-2.0.1.jar:/Users/CharlesDylan/.m2/repository/org/jboss/logging/jboss-logging/3.5.3.Final/jboss-logging-3.5.3.Final.jar:/Users/CharlesDylan/.m2/repository/org/hibernate/common/hibernate-commons-annotations/6.0.6.Final/hibernate-commons-annotations-6.0.6.Final.jar:/Users/CharlesDylan/.m2/repository/io/smallrye/jandex/3.0.5/jandex-3.0.5.jar:/Users/CharlesDylan/.m2/repository/com/fasterxml/classmate/1.5.1/classmate-1.5.1.jar:/Users/CharlesDylan/.m2/repository/org/glassfish/jaxb/jaxb-runtime/4.0.3/jaxb-runtime-4.0.3.jar:/Users/CharlesDylan/.m2/repository/org/glassfish/jaxb/jaxb-core/4.0.3/jaxb-core-4.0.3.jar:/Users/CharlesDylan/.m2/repository/org/eclipse/angus/angus-activation/2.0.1/angus-activation-2.0.1.jar:/Users/CharlesDylan/.m2/repository/org/glassfish/jaxb/txw2/4.0.3/txw2-4.0.3.jar:/Users/CharlesDylan/.m2/repository/com/sun/istack/istack-commons-runtime/4.1.2/istack-commons-runtime-4.1.2.jar:/Users/CharlesDylan/.m2/repository/jakarta/inject/jakarta.inject-api/2.0.1/jakarta.inject-api-2.0.1.jar:/Users/CharlesDylan/.m2/repository/org/antlr/antlr4-runtime/4.10.1/antlr4-runtime-4.10.1.jar:/Users/CharlesDylan/.m2/repository/org/springframework/data/spring-data-jpa/3.1.4/spring-data-jpa-3.1.4.jar:/Users/CharlesDylan/.m2/repository/org/springframework/data/spring-data-commons/3.1.4/spring-data-commons-3.1.4.jar:/Users/CharlesDylan/.m2/repository/org/springframework/spring-orm/6.0.12/spring-orm-6.0.12.jar:/Users/CharlesDylan/.m2/repository/org/springframework/spring-tx/6.0.12/spring-tx-6.0.12.jar:/Users/CharlesDylan/.m2/repository/org/springframework/spring-aspects/6.0.12/spring-aspects-6.0.12.jar:/Users/CharlesDylan/.m2/repository/org/junit/jupiter/junit-jupiter/5.9.3/junit-jupiter-5.9.3.jar:/Users/CharlesDylan/.m2/repository/org/junit/jupiter/junit-jupiter-api/5.9.3/junit-jupiter-api-5.9.3.jar:/Users/CharlesDylan/.m2/repository/org/opentest4j/opentest4j/1.2.0/opentest4j-1.2.0.jar:/Users/CharlesDylan/.m2/repository/org/junit/platform/junit-platform-commons/1.9.3/junit-platform-commons-1.9.3.jar:/Users/CharlesDylan/.m2/repository/org/apiguardian/apiguardian-api/1.1.2/apiguardian-api-1.1.2.jar:/Users/CharlesDylan/.m2/repository/org/junit/jupiter/junit-jupiter-params/5.9.3/junit-jupiter-params-5.9.3.jar:/Users/CharlesDylan/.m2/repository/org/junit/jupiter/junit-jupiter-engine/5.9.3/junit-jupiter-engine-5.9.3.jar:/Users/CharlesDylan/.m2/repository/org/junit/platform/junit-platform-engine/1.9.3/junit-platform-engine-1.9.3.jar:/Users/CharlesDylan/.m2/repository/org/springframework/boot/spring-boot-test/3.1.4/spring-boot-test-3.1.4.jar:/Users/CharlesDylan/.m2/repository/org/springframework/boot/spring-boot/3.1.4/spring-boot-3.1.4.jar:/Users/CharlesDylan/.m2/repository/com/vaadin/external/google/android-json/0.0.20131108.vaadin1/android-json-0.0.20131108.vaadin1.jar:"/>
    <property name="sun.cpu.endian" value="little"/>
    <property name="user.home" value="/Users/CharlesDylan"/>
    <property name="user.language" value="en"/>
    <property name="java.specification.vendor" value="Oracle Corporation"/>
    <property name="java.version.date" value="2022-10-18"/>
    <property name="java.home" value="/Library/Java/JavaVirtualMachines/jdk-17.0.5.jdk/Contents/Home"/>
    <property name="file.separator" value="/"/>
    <property name="basedir" value="/Users/CharlesDylan/Desktop/309/mk1_8/Backend/gameFile"/>
    <property name="java.vm.compressedOopsMode" value="Zero based"/>
    <property name="line.separator" value="&#10;"/>
    <property name="java.specification.name" value="Java Platform API Specification"/>
    <property name="java.vm.specification.vendor" value="Oracle Corporation"/>
    <property name="surefire.real.class.path" value="/Users/CharlesDylan/Desktop/309/mk1_8/Backend/gameFile/target/surefire/surefirebooter-20240402184846739_3.jar"/>
    <property name="sun.management.compiler" value="HotSpot 64-Bit Tiered Compilers"/>
    <property name="ftp.nonProxyHosts" value="local|*.local|169.254/16|*.169.254/16"/>
    <property name="java.runtime.version" value="17.0.5+9-LTS-191"/>
    <property name="user.name" value="CharlesDylan"/>
    <property name="path.separator" value=":"/>
    <property name="os.version" value="14.4"/>
    <property name="java.runtime.name" value="Java(TM) SE Runtime Environment"/>
    <property name="file.encoding" value="UTF-8"/>
    <property name="java.vm.name" value="Java HotSpot(TM) 64-Bit Server VM"/>
    <property name="localRepository" value="/Users/CharlesDylan/.m2/repository"/>
    <property name="java.vendor.url.bug" value="https://bugreport.java.com/bugreport/"/>
    <property name="java.io.tmpdir" value="/var/folders/7h/zcd61z0j5_94chjjq6fh49lh0000gp/T/"/>
    <property name="idea.version" value="2023.3.5"/>
    <property name="java.version" value="17.0.5"/>
    <property name="user.dir" value="/Users/CharlesDylan/Desktop/309/mk1_8/Backend/gameFile"/>
    <property name="os.arch" value="x86_64"/>
    <property name="java.vm.specification.name" value="Java Virtual Machine Specification"/>
    <property name="native.encoding" value="UTF-8"/>
    <property name="java.library.path" value="/Users/CharlesDylan/Library/Java/Extensions:/Library/Java/Extensions:/Network/Library/Java/Extensions:/System/Library/Java/Extensions:/usr/lib/java:."/>
    <property name="java.vm.info" value="mixed mode, sharing"/>
    <property name="java.vendor" value="Oracle Corporation"/>
    <property name="java.vm.version" value="17.0.5+9-LTS-191"/>
    <property name="sun.io.unicode.encoding" value="UnicodeBig"/>
    <property name="socksNonProxyHosts" value="local|*.local|169.254/16|*.169.254/16"/>
    <property name="java.class.version" value="61.0"/>
  </properties>
  <testcase name="testNextTurnCyclesThroughPlayers" classname="GameTurnTest" time="0.057">
    <system-out><![CDATA[The next player is: Player{userEmail='player4@example.com', cardOne='Captain', cardTwo='Contessa', coins=2, turn=true, turnNumber=2}
The next player is: Player{userEmail='player3@example.com', cardOne='Duke', cardTwo='Ambassador', coins=2, turn=true, turnNumber=3}
The next player is: Player{userEmail='player2@example.com', cardOne='Contessa', cardTwo='Ambassador', coins=2, turn=true, turnNumber=4}
The next player is: Player{userEmail='player1@example.com', cardOne='Assassin', cardTwo='Assassin', coins=2, turn=true, turnNumber=1}
]]></system-out>
  </testcase>
</testsuite>